[01m[31mNote:[0m DISPLAY is not set, GUI view commands are disabled.

                                   VC Static 

                Version T-2022.06-SP2 for linux64 - Nov 29, 2022

                    Copyright (c) 2010 - 2022 Synopsys, Inc.
   This software and the associated documentation are proprietary to Synopsys,
 Inc. This software may only be used in accordance with the terms and conditions
 of a written license agreement with Synopsys, Inc. All other use, reproduction,
   or distribution of this software is strictly prohibited.  Licensed Products
     communicate with Synopsys servers for the purpose of providing software
    updates, detecting software piracy and verifying that customers are using
    Licensed Products in conformity with the applicable License Key for such
  Licensed Products. Synopsys will use information gathered in connection with
    this process to deliver software updates and pursue software pirates and
                                   infringers.

 Inclusivity & Diversity - Visit SolvNetPlus to read the "Synopsys Statement on
            Inclusivity and Diversity" (Refer to article 000036315 at
                        https://solvnetplus.synopsys.com)


















[1;34mvcf> [0m[J[0mLicense feature checked out: VC-FORMAL-DPV-BASE-SH
License feature checked out: Hector
INFO: Storing temporary files in directory '/home/mp5617/vcf_fuzz_nequiv/vcst_rtdb/.internal/hector'.
[1;34mvcf> [0m[J[0mset_custom_solve_script "orch_multipliers"
orch_multipliers
set_user_assumes_lemmas_procedure "miter"
miter
create_design -name spec -top mod1 -lang mx
1
vcs -sverilog mod1.v
1
compile_design spec
INFO: Starting  compile_design spec
The language for design 'spec' given or determined to be 'mx' language.
Parsing design file 'mod1.v'
CPU time: .199 seconds to compile
Doing common elaboration 
Info: Invoking New SVA Compiler Instrument...
Info: SVAC-NC Start
Info: SVAC-NC Finished
Info: Invoking Simon...
Info: Simon VCS Start
=======================================================
VCS CPU Time(s)     :0.20
SIMON CPU Time(s)   :0.01
SIMON Total Time(s) :0.01
Peak Memory(MB)     :400
=======================================================
Info: Simon VCS Finished
Info: Simon call complete 
Info: Exiting after Simon Analysis 
Verdi KDB elaboration done and the database successfully generated
INFO: RTL successfully read.
Info SVA-003: Information for SVA successfully attached.
Info SEQ-014: Starting reset simulation.
Info SEQ-601: 0 registers reset out of 0 registers
INFO: Writing DFG to file "spec.dfg".
INFO: Finished  compile_design spec    (2  sec)
INFO: Number of DFG nodes : 25
1
create_design -name impl -top mod2 -lang mx
1
vcs -sverilog mod2.v
1
compile_design impl
INFO: Starting  compile_design impl
The language for design 'impl' given or determined to be 'mx' language.
Parsing design file 'mod2.v'
CPU time: .179 seconds to compile
Doing common elaboration 
Info: Invoking New SVA Compiler Instrument...
Info: SVAC-NC Start
Info: SVAC-NC Finished
Info: Invoking Simon...
Info: Simon VCS Start
=======================================================
VCS CPU Time(s)     :0.23
SIMON CPU Time(s)   :0.01
SIMON Total Time(s) :0.01
Peak Memory(MB)     :400
=======================================================
Info: Simon VCS Finished
Info: Simon call complete 
Info: Exiting after Simon Analysis 
Verdi KDB elaboration done and the database successfully generated
INFO: RTL successfully read.
Info SVA-003: Information for SVA successfully attached.
Info SEQ-014: Starting reset simulation.
Info SEQ-601: 0 registers reset out of 0 registers
INFO: Writing DFG to file "impl.dfg".
INFO: Finished  compile_design impl    (2  sec)
INFO: Number of DFG nodes : 26
1
proc miter {} {
        map_by_name -inputs -implphase 1 -specphase 1
        map_by_name -outputs -implphase 1 -specphase 1
}
compose
INFO: Starting  compose 
INFO: No mapping is assumed between inputs of the two designs. 
INFO: Reading DFG from file "spec.dfg".
INFO: Marking DFG as specification.
INFO: Reading DFG from file "impl.dfg".
INFO: Marking DFG as implementation.
Reading testbench '/home/mp5617/vcf_fuzz_nequiv/vcst_rtdb/.internal/hector/mytb.v'.
Parsing design file '/home/mp5617/vcf_fuzz_nequiv/vcst_rtdb/.internal/hector/mytb.v'
Parsing design file '/home/mp5617/vcf_fuzz_nequiv/vcst_rtdb/.internal/hector/mytb.dummy.v'
CPU time: .189 seconds to compile
Doing common elaboration 
Info: Invoking New SVA Compiler Instrument...
Info: SVAC-NC Start
Info: SVAC-NC Finished
Info: Invoking Simon...
Info: Simon VCS Start
=======================================================
VCS CPU Time(s)     :0.14
SIMON CPU Time(s)   :0.02
SIMON Total Time(s) :0.01
Peak Memory(MB)     :397
=======================================================
Info: Simon VCS Finished
Info: Simon call complete 
Info: Exiting after Simon Analysis 
Verdi KDB elaboration done and the database successfully generated
Info DFR-003: Format version (17) doesn't match default version (18).
Info SVA-003: Information for SVA successfully attached.
INFO: RTL successfully read.
Parsing design file './vcst_rtdb/.internal/hector/verdi/mytb.v'
CPU time: .186 seconds to compile
Doing common elaboration 
Info: Invoking New SVA Compiler Instrument...
Info: SVAC-NC Start
Info: SVAC-NC Finished
Info: Invoking Simon...
Info: Simon VCS Start
=======================================================
VCS CPU Time(s)     :0.26
SIMON CPU Time(s)   :0.03
SIMON Total Time(s) :0.02
Peak Memory(MB)     :400
=======================================================
Info: Simon VCS Finished
Info: Simon call complete 
Info: Exiting after Simon Analysis 
Verdi KDB elaboration done and the database successfully generated
INFO: RTL successfully read.
INFO: Composition successful.
INFO: Writing DFG to file "all.dfg".
INFO: Finished  compose   (4 sec) 
INFO: Number of DFG nodes : 73
1
solveNB proof
INFO: Using solve script "".
INFO: Reading DFG from file "all.dfg".
----------------------------------------------------
-       Proving output equivalence                 -
----------------------------------------------------
INFO: Obtaining assumptions, lemmas and covers from procedure 'miter'
Info MBN-015: Details of mapped spec & impl design signals by 'map_by_name' command are in file '/home/mp5617/vcf_fuzz_nequiv/vcst_rtdb/.internal/hector/mapped_signal_list.txt'.
Info MBN-015: Details of mapped spec & impl design signals by 'map_by_name' command are in file '/home/mp5617/vcf_fuzz_nequiv/vcst_rtdb/.internal/hector/mapped_signal_list.txt'.
INFO: Proof proof using solve script(s) orch_multipliers
master_unroll_in_workers: function name: testbench_flat_0
1
proofwait
[Info]: No running tasks. Returning from proofwait.
1
listproof
================================================================================
Proof proof
  Assumptions                 2
  User Defined Lemmas         1
  Hector Generated AEP Lemmas 0
  Cutpoints                   0
  Proof Strategy              default
  Parent Proof                none
--------------------------------------------------------------------------------
                                  Assumptions                                   
 Use Name            Expression              
--------------------------------------------------------------------------------
  *  _scv_assume_0   impl.w1(1) == spec.w1(1)
  *  _scv_assume_1   impl.w2(1) == spec.w2(1)
--------------------------------------------------------------------------------
                                     Lemmas                                     
 Use Status       Name            Expression            
--------------------------------------------------------------------------------
  *  success      _scv_lemma_2    impl.y(1) == spec.y(1)
--------------------------------------------------------------------------------
Tasks: Out of 1 tasks created
             1 have finished
Results: Out of 1 enabled lemmas
             1 were successful
             0 were conditionally successful
             0 failed
             0 were conditionally failed
             0 were inconclusive (timeout)
             0 were not tried
Status for proof "proof": SUCCESSFUL
================================================================================
1
quitInfo: Encountered quit in the script.
=======================================================
Total Time(S)  :20.05
CPU Time(S)    :7.26
Peak Memory(MB):1159
=======================================================
